<?xml version="1.0" encoding="UTF-8"?>
<testsuite xmlns:xsi="http://www.w3.org/2001/XMLSchema-instance" xsi:noNamespaceSchemaLocation="https://maven.apache.org/surefire/maven-surefire-plugin/xsd/surefire-test-report-3.0.xsd" version="3.0" name="tests.MainTest" time="6.958" tests="3" errors="0" skipped="0" failures="0">
  <properties>
[...]
</properties>
  <testcase name="searchCustomer" classname="tests.MainTest" time="4.024">
    <system-err><![CDATA[SSttaarrtting ChromeDriver 111.0.5563.64 (ci710e93d5b63b7095afe8c2c17df34408078439d-refs/branchn-heads/5563@g Chr{o#meDriver 111.0.5563.649 (c710e93d95b56}3b)7 095afeo8cn2 cp1o7rdtf 324349208078439d-refs/branch-heads/5563@{#995}) on port 6568
Only local connections are allowed.
Please see https://chromedriver.chromium.org/security-considerations for suggestions on keeping ChromeDriver safe.
0
Only local connections are allowed.
Please see https://chromedriver.chromium.org/security-considerations for suggestions on keeping ChromeDriver safe.
Starting ChromeDriver 111.0.5563.64 (c710e93d5b63b7095afe8c2c17df34408078439d-refs/branch-heads/5563@{#995}) on port 5666
Only local connections are allowed.
Please see https://chromedriver.chromium.org/security-considerations for suggestions on keeping ChromeDriver safe.
ChromeDriver was started successfully.
ChromeDriver was started successfully.
ChromeDriver was started successfully.
мар. 29, 2023 9:21:55 PM org.openqa.selenium.remote.ProtocolHandshake createSession
INFO: Detected dialect: W3C
мар. 29, 2023 9:21:56 PM org.openqa.selenium.remote.ProtocolHandshake createSession
INFO: Detected dialect: W3C
мар. 29, 2023 9:21:56 PM org.openqa.selenium.remote.ProtocolHandshake createSession
INFO: Detected dialect: W3C
]]></system-err>
  </testcase>
  <testcase name="createCustomer" classname="tests.MainTest" time="3.872"/>
  <testcase name="sortCustomer" classname="tests.MainTest" time="4.03"/>
</testsuite>